<?xml version="1.0" encoding="UTF-8"?>
<testsuite name="secretsantamodel.TestPerson" tests="11" skipped="0" failures="0" errors="0" timestamp="2021-03-03T14:03:49" hostname="FLAST-ПК" time="0.012">
  <properties/>
  <testcase name="setWishlistByGameIdAndGetWhishlistByGameIdTest" classname="secretsantamodel.TestPerson" time="0.003"/>
  <testcase name="addNewPersonGameByIdTest" classname="secretsantamodel.TestPerson" time="0.0"/>
  <testcase name="getIdAllActiveGamesTestWithNotActive" classname="secretsantamodel.TestPerson" time="0.0"/>
  <testcase name="setGamesAndGetGames" classname="secretsantamodel.TestPerson" time="0.0"/>
  <testcase name="addGameAndGetPersonGameByIdTest" classname="secretsantamodel.TestPerson" time="0.0"/>
  <testcase name="setReceiverEmailByGameIdAndGetReceiverEmailByGameIdTest" classname="secretsantamodel.TestPerson" time="0.004"/>
  <testcase name="setArrayNaughtyListEmailByGameIdAndGetArrayNaughtyListEmailByGameIdTest" classname="secretsantamodel.TestPerson" time="0.001"/>
  <testcase name="deletePersonGameByGameIdTest" classname="secretsantamodel.TestPerson" time="0.0"/>
  <testcase name="setNameAndGetNameTest" classname="secretsantamodel.TestPerson" time="0.0"/>
  <testcase name="setEmailAndGetEmailTest" classname="secretsantamodel.TestPerson" time="0.0"/>
  <testcase name="getIdAllActiveGamesTestWithActive" classname="secretsantamodel.TestPerson" time="0.0"/>
  <system-out><![CDATA[Person{email='mary', name='РјР°С€Р°', games={1=PersonGame{gameId=1, arrayNaughtyListEmail=[], receiverEmail='iren', wishlist='null', active=true}}}
]]></system-out>
  <system-err><![CDATA[]]></system-err>
</testsuite>
