<?xml version="1.0" encoding="UTF-8"?>
<testsuite name="secretsantamodel.TestToss" tests="3" skipped="0" failures="0" errors="0" timestamp="2021-03-08T22:46:11" hostname="FLAST-ПК" time="0.008">
  <properties/>
  <testcase name="testTossReceiverEqualsSanta" classname="secretsantamodel.TestToss" time="0.002"/>
  <testcase name="testTossThrowsException" classname="secretsantamodel.TestToss" time="0.006"/>
  <testcase name="testTossReceiverInSantaNaughtylist" classname="secretsantamodel.TestToss" time="0.0"/>
  <system-out><![CDATA[]]></system-out>
  <system-err><![CDATA[]]></system-err>
</testsuite>
